<?xml version="1.0" encoding="UTF-8"?>
<testsuite xmlns:xsi="http://www.w3.org/2001/XMLSchema-instance" xsi:noNamespaceSchemaLocation="https://maven.apache.org/surefire/maven-surefire-plugin/xsd/surefire-test-report.xsd" name="runApp.appTest" time="0.039" tests="1" errors="0" skipped="0" failures="0">
  <properties>
    <property name="java.specification.version" value="19"/>
    <property name="sun.cpu.isalist" value="amd64"/>
    <property name="sun.jnu.encoding" value="Cp1252"/>
    <property name="java.class.path" value="D:\myProgramming\Java Programming\belajar-java-maven\iniApp\target\test-classes;D:\myProgramming\Java Programming\belajar-java-maven\iniApp\target\classes;C:\Users\fajar01\.m2\repository\junit\junit\4.11\junit-4.11.jar;C:\Users\fajar01\.m2\repository\org\hamcrest\hamcrest-core\1.3\hamcrest-core-1.3.jar;"/>
    <property name="java.vm.vendor" value="Oracle Corporation"/>
    <property name="sun.arch.data.model" value="64"/>
    <property name="user.variant" value=""/>
    <property name="java.vendor.url" value="https://java.oracle.com/"/>
    <property name="user.timezone" value="Asia/Jakarta"/>
    <property name="os.name" value="Windows 11"/>
    <property name="java.vm.specification.version" value="19"/>
    <property name="sun.java.launcher" value="SUN_STANDARD"/>
    <property name="user.country" value="ID"/>
    <property name="sun.boot.library.path" value="C:\Program Files\JAVA\openjdk-19.0.2_windows-x64_bin\jdk-19.0.2\bin"/>
    <property name="sun.java.command" value="C:\Users\fajar01\AppData\Local\Temp\surefire6400277187567229599\surefirebooter13828785835323166065.jar C:\Users\fajar01\AppData\Local\Temp\surefire6400277187567229599 2024-02-12T01-16-21_734-jvmRun1 surefire5105020784197427447tmp surefire_110416842807017700673tmp"/>
    <property name="jdk.debug" value="release"/>
    <property name="surefire.test.class.path" value="D:\myProgramming\Java Programming\belajar-java-maven\iniApp\target\test-classes;D:\myProgramming\Java Programming\belajar-java-maven\iniApp\target\classes;C:\Users\fajar01\.m2\repository\junit\junit\4.11\junit-4.11.jar;C:\Users\fajar01\.m2\repository\org\hamcrest\hamcrest-core\1.3\hamcrest-core-1.3.jar;"/>
    <property name="sun.cpu.endian" value="little"/>
    <property name="user.home" value="C:\Users\fajar01"/>
    <property name="user.language" value="en"/>
    <property name="java.specification.vendor" value="Oracle Corporation"/>
    <property name="java.version.date" value="2023-01-17"/>
    <property name="java.home" value="C:\Program Files\JAVA\openjdk-19.0.2_windows-x64_bin\jdk-19.0.2"/>
    <property name="file.separator" value="\"/>
    <property name="basedir" value="D:\myProgramming\Java Programming\belajar-java-maven\iniApp"/>
    <property name="java.vm.compressedOopsMode" value="Zero based"/>
    <property name="line.separator" value="&#10;"/>
    <property name="java.vm.specification.vendor" value="Oracle Corporation"/>
    <property name="java.specification.name" value="Java Platform API Specification"/>
    <property name="surefire.real.class.path" value="C:\Users\fajar01\AppData\Local\Temp\surefire6400277187567229599\surefirebooter13828785835323166065.jar"/>
    <property name="user.script" value=""/>
    <property name="sun.management.compiler" value="HotSpot 64-Bit Tiered Compilers"/>
    <property name="java.runtime.version" value="19.0.2+7-44"/>
    <property name="user.name" value="fajar01"/>
    <property name="stdout.encoding" value="Cp1252"/>
    <property name="path.separator" value=";"/>
    <property name="os.version" value="10.0"/>
    <property name="java.runtime.name" value="OpenJDK Runtime Environment"/>
    <property name="file.encoding" value="UTF-8"/>
    <property name="java.vm.name" value="OpenJDK 64-Bit Server VM"/>
    <property name="localRepository" value="C:\Users\fajar01\.m2\repository"/>
    <property name="java.vendor.url.bug" value="https://bugreport.java.com/bugreport/"/>
    <property name="java.io.tmpdir" value="C:\Users\fajar01\AppData\Local\Temp\"/>
    <property name="java.version" value="19.0.2"/>
    <property name="user.dir" value="D:\myProgramming\Java Programming\belajar-java-maven\iniApp"/>
    <property name="os.arch" value="amd64"/>
    <property name="java.vm.specification.name" value="Java Virtual Machine Specification"/>
    <property name="sun.os.patch.level" value=""/>
    <property name="native.encoding" value="Cp1252"/>
    <property name="java.library.path" value="C:\Program Files\JAVA\openjdk-19.0.2_windows-x64_bin\jdk-19.0.2\bin;C:\Windows\Sun\Java\bin;C:\Windows\system32;C:\Windows;C:\Program Files\Zulu\zulu-21\bin\;C:\Windows\system32;C:\Windows;C:\Windows\System32\Wbem;C:\Windows\System32\WindowsPowerShell\v1.0\;C:\Windows\System32\OpenSSH\;C:\Program Files (x86)\NVIDIA Corporation\PhysX\Common;C:\Program Files\NVIDIA Corporation\NVIDIA NvDLISR;C:\Program Files\Microsoft VS Code\bin;C:\Program Files\JAVA\openjdk-19.0.2_windows-x64_bin\jdk-19.0.2\bin;C:\Program Files\apache-maven-3.9.2-bin\apache-maven-3.9.2\bin;C:\Program Files\Git\cmd;C:\xampp\php;C:\ProgramData\ComposerSetup\bin;C:\Program Files\JAVA\openjdk-19.0.2_windows-x64_bin\jdk-19.0.2\bin;C:\gradle\gradle-8.3\bin;C:\Program Files\MySQL\MySQL Shell 8.0\bin\;C:\Users\fajar01\AppData\Local\Programs\Python\Python311\Scripts\;C:\Users\fajar01\AppData\Local\Programs\Python\Python311\;C:\Users\fajar01\AppData\Local\Microsoft\WindowsApps;C:\Users\fajar01\AppData\Local\Programs\Microsoft VS Code\bin;C:\Users\fajar01\AppData\Roaming\Composer\vendor\bin;."/>
    <property name="java.vm.info" value="mixed mode, sharing"/>
    <property name="stderr.encoding" value="Cp1252"/>
    <property name="java.vendor" value="Oracle Corporation"/>
    <property name="java.vm.version" value="19.0.2+7-44"/>
    <property name="sun.io.unicode.encoding" value="UnicodeLittle"/>
    <property name="java.class.version" value="63.0"/>
  </properties>
  <testcase name="ShouldAnswerWithTrue" classname="runApp.appTest" time="0.003"/>
</testsuite>